<<<<<<< HEAD
<<<<<<< HEAD
<<<<<<< HEAD
<<<<<<< HEAD
<<<<<<< HEAD

<<<<<<< HEAD
>>>>>>> c0df3c6... made changes
=======
>>>>>>> bbeeddc... Made jenkins changes
=======
"<html><body><h1>504 Gateway Time-out</h1>\nThe server didn't respond in time.\n</body></html>\n"
>>>>>>> 37a8147... made changes
=======

>>>>>>> 05e69af... Made code cleaner
=======
"<html><body><h1>504 Gateway Time-out</h1>\nThe server didn't respond in time.\n</body></html>\n"
>>>>>>> 06a3b8a... My message
=======

>>>>>>> 0d58ea5... Made code cleaner
=======
"<html><body><h1>504 Gateway Time-out</h1>\nThe server didn't respond in time.\n</body></html>\n"
>>>>>>> 806d301... made changes
